Start testing: May 09 20:19 Eastern Daylight Time
----------------------------------------------------------
1/4 Testing: test_cpu
1/4 Test: test_cpu
Command: "C:/Users/mohit/OneDrive - UW-Madison/Desktop/riscv-emulator/build/tests/test_cpu.exe"
Directory: C:/Users/mohit/OneDrive - UW-Madison/Desktop/riscv-emulator/build/tests
"test_cpu" start time: May 09 20:19 Eastern Daylight Time
Output:
----------------------------------------------------------
Running main() from C:\Users\mohit\OneDrive - UW-Madison\Desktop\riscv-emulator\build\_deps\googletest-src\googletest\src\gtest_main.cc
[==========] Running 6 tests from 1 test suite.
[----------] Global test environment set-up.
[----------] 6 tests from CPUStateTest
[ RUN      ] CPUStateTest.AllRegistersStartAtZero
[       OK ] CPUStateTest.AllRegistersStartAtZero (0 ms)
[ RUN      ] CPUStateTest.PCStartsAtZero
[       OK ] CPUStateTest.PCStartsAtZero (0 ms)
[ RUN      ] CPUStateTest.X0AlwaysRemainsZero
[       OK ] CPUStateTest.X0AlwaysRemainsZero (0 ms)
[ RUN      ] CPUStateTest.SetAndGetRegister
[       OK ] CPUStateTest.SetAndGetRegister (0 ms)
[ RUN      ] CPUStateTest.SetMultipleRegisters
[       OK ] CPUStateTest.SetMultipleRegisters (0 ms)
[ RUN      ] CPUStateTest.ResetClearsAllState
[       OK ] CPUStateTest.ResetClearsAllState (0 ms)
[----------] 6 tests from CPUStateTest (0 ms total)

[----------] Global test environment tear-down
[==========] 6 tests from 1 test suite ran. (0 ms total)
[  PASSED  ] 6 tests.
<end of output>
Test time =   0.01 sec
----------------------------------------------------------
Test Passed.
"test_cpu" end time: May 09 20:19 Eastern Daylight Time
"test_cpu" time elapsed: 00:00:00
----------------------------------------------------------

2/4 Testing: test_memory
2/4 Test: test_memory
Command: "C:/Users/mohit/OneDrive - UW-Madison/Desktop/riscv-emulator/build/tests/test_memory.exe"
Directory: C:/Users/mohit/OneDrive - UW-Madison/Desktop/riscv-emulator/build/tests
"test_memory" start time: May 09 20:19 Eastern Daylight Time
Output:
----------------------------------------------------------
Running main() from C:\Users\mohit\OneDrive - UW-Madison\Desktop\riscv-emulator\build\_deps\googletest-src\googletest\src\gtest_main.cc
[==========] Running 9 tests from 1 test suite.
[----------] Global test environment set-up.
[----------] 9 tests from MemoryTest
[ RUN      ] MemoryTest.ConstructionSucceeds
[       OK ] MemoryTest.ConstructionSucceeds (0 ms)
[ RUN      ] MemoryTest.InitialBytesAreZero
[       OK ] MemoryTest.InitialBytesAreZero (0 ms)
[ RUN      ] MemoryTest.ReadWriteByte
[       OK ] MemoryTest.ReadWriteByte (0 ms)
[ RUN      ] MemoryTest.ReadWriteHalfword
[       OK ] MemoryTest.ReadWriteHalfword (0 ms)
[ RUN      ] MemoryTest.ReadWriteWord
[       OK ] MemoryTest.ReadWriteWord (0 ms)
[ RUN      ] MemoryTest.LittleEndianLayout
[       OK ] MemoryTest.LittleEndianLayout (0 ms)
[ RUN      ] MemoryTest.OutOfBoundsReadThrows
[       OK ] MemoryTest.OutOfBoundsReadThrows (0 ms)
[ RUN      ] MemoryTest.OutOfBoundsWriteThrows
[       OK ] MemoryTest.OutOfBoundsWriteThrows (0 ms)
[ RUN      ] MemoryTest.ReadWordAtEndThrows
[       OK ] MemoryTest.ReadWordAtEndThrows (0 ms)
[----------] 9 tests from MemoryTest (0 ms total)

[----------] Global test environment tear-down
[==========] 9 tests from 1 test suite ran. (0 ms total)
[  PASSED  ] 9 tests.
<end of output>
Test time =   0.01 sec
----------------------------------------------------------
Test Passed.
"test_memory" end time: May 09 20:19 Eastern Daylight Time
"test_memory" time elapsed: 00:00:00
----------------------------------------------------------

3/4 Testing: test_decoder
3/4 Test: test_decoder
Command: "C:/Users/mohit/OneDrive - UW-Madison/Desktop/riscv-emulator/build/tests/test_decoder.exe"
Directory: C:/Users/mohit/OneDrive - UW-Madison/Desktop/riscv-emulator/build/tests
"test_decoder" start time: May 09 20:19 Eastern Daylight Time
Output:
----------------------------------------------------------
Running main() from C:\Users\mohit\OneDrive - UW-Madison\Desktop\riscv-emulator\build\_deps\googletest-src\googletest\src\gtest_main.cc
[==========] Running 9 tests from 1 test suite.
[----------] Global test environment set-up.
[----------] 9 tests from DecoderTest
[ RUN      ] DecoderTest.ExtractOpcode
[       OK ] DecoderTest.ExtractOpcode (0 ms)
[ RUN      ] DecoderTest.ExtractRd
[       OK ] DecoderTest.ExtractRd (0 ms)
[ RUN      ] DecoderTest.ExtractFunct3
[       OK ] DecoderTest.ExtractFunct3 (0 ms)
[ RUN      ] DecoderTest.ExtractRs1
[       OK ] DecoderTest.ExtractRs1 (0 ms)
[ RUN      ] DecoderTest.ExtractFunct7
[       OK ] DecoderTest.ExtractFunct7 (0 ms)
[ RUN      ] DecoderTest.SignExtendPositive12Bit
[       OK ] DecoderTest.SignExtendPositive12Bit (0 ms)
[ RUN      ] DecoderTest.SignExtendNegative12Bit
[       OK ] DecoderTest.SignExtendNegative12Bit (0 ms)
[ RUN      ] DecoderTest.AddiPositiveImmediate
[       OK ] DecoderTest.AddiPositiveImmediate (0 ms)
[ RUN      ] DecoderTest.AddiNegativeImmediate
[       OK ] DecoderTest.AddiNegativeImmediate (0 ms)
[----------] 9 tests from DecoderTest (0 ms total)

[----------] Global test environment tear-down
[==========] 9 tests from 1 test suite ran. (0 ms total)
[  PASSED  ] 9 tests.
<end of output>
Test time =   0.01 sec
----------------------------------------------------------
Test Passed.
"test_decoder" end time: May 09 20:19 Eastern Daylight Time
"test_decoder" time elapsed: 00:00:00
----------------------------------------------------------

4/4 Testing: test_executor
4/4 Test: test_executor
Command: "C:/Users/mohit/OneDrive - UW-Madison/Desktop/riscv-emulator/build/tests/test_executor.exe"
Directory: C:/Users/mohit/OneDrive - UW-Madison/Desktop/riscv-emulator/build/tests
"test_executor" start time: May 09 20:19 Eastern Daylight Time
Output:
----------------------------------------------------------
Running main() from C:\Users\mohit\OneDrive - UW-Madison\Desktop\riscv-emulator\build\_deps\googletest-src\googletest\src\gtest_main.cc
[==========] Running 4 tests from 1 test suite.
[----------] Global test environment set-up.
[----------] 4 tests from ExecutorTest
[ RUN      ] ExecutorTest.AddiBasic
[       OK ] ExecutorTest.AddiBasic (0 ms)
[ RUN      ] ExecutorTest.AddiNegativeImmediate
[       OK ] ExecutorTest.AddiNegativeImmediate (0 ms)
[ RUN      ] ExecutorTest.AddiWriteToX0DoesNothing
[       OK ] ExecutorTest.AddiWriteToX0DoesNothing (0 ms)
[ RUN      ] ExecutorTest.AddiAdvancesPCByFour
[       OK ] ExecutorTest.AddiAdvancesPCByFour (0 ms)
[----------] 4 tests from ExecutorTest (0 ms total)

[----------] Global test environment tear-down
[==========] 4 tests from 1 test suite ran. (0 ms total)
[  PASSED  ] 4 tests.
<end of output>
Test time =   0.01 sec
----------------------------------------------------------
Test Passed.
"test_executor" end time: May 09 20:19 Eastern Daylight Time
"test_executor" time elapsed: 00:00:00
----------------------------------------------------------

End testing: May 09 20:19 Eastern Daylight Time
